<?xml version="1.0" encoding="UTF-8"?>
<!-- Generated by org.testng.reporters.JUnitReportReporter -->
<testsuite skipped="0" hostname="Piyushs-MBP.attlocal.net" name="com.selenium.tests.SeleniumExample2" tests="1" failures="0" timestamp="2022-01-14T17:28:15 CST" time="13.023" errors="0">
  <testcase name="facebook" time="13.023" classname="com.selenium.tests.SeleniumExample2"/>
  <system-out/>
</testsuite> <!-- com.selenium.tests.SeleniumExample2 -->
