<?xml version="1.0" encoding="UTF-8"?>
<!-- Generated by org.testng.reporters.JUnitReportReporter -->
<testsuite skipped="0" hostname="Piyushs-MBP.attlocal.net" name="deepti.selenium.project_selenium.testApiAgain" tests="1" failures="0" timestamp="2021-06-27T12:56:13 CDT" time="1.745" errors="0">
  <testcase name="test" time="1.745" classname="deepti.selenium.project_selenium.testApiAgain"/>
  <system-out/>
</testsuite> <!-- deepti.selenium.project_selenium.testApiAgain -->
