<?xml version="1.0" encoding="UTF-8"?>
<testsuite xmlns:xsi="http://www.w3.org/2001/XMLSchema-instance" xsi:noNamespaceSchemaLocation="https://maven.apache.org/surefire/maven-surefire-plugin/xsd/surefire-test-report.xsd" name="TestSuite" time="1.956" tests="4" errors="0" skipped="1" failures="1">
  <properties>
    <property name="gopherProxySet" value="false"/>
    <property name="awt.toolkit" value="sun.lwawt.macosx.LWCToolkit"/>
    <property name="file.encoding.pkg" value="sun.io"/>
    <property name="java.specification.version" value="1.8"/>
    <property name="sun.cpu.isalist" value=""/>
    <property name="sun.jnu.encoding" value="UTF-8"/>
    <property name="java.class.path" value="/Users/piyush/eclipse-workspace/seleniumproject/project-selenium/target/test-classes:/Users/piyush/eclipse-workspace/seleniumproject/project-selenium/target/classes:/Users/piyush/.m2/repository/ru/yandex/qatools/ashot/ashot/1.5.4/ashot-1.5.4.jar:/Users/piyush/.m2/repository/org/seleniumhq/selenium/selenium-remote-driver/2.53.0/selenium-remote-driver-2.53.0.jar:/Users/piyush/.m2/repository/cglib/cglib-nodep/2.1_3/cglib-nodep-2.1_3.jar:/Users/piyush/.m2/repository/net/java/dev/jna/jna/4.1.0/jna-4.1.0.jar:/Users/piyush/.m2/repository/net/java/dev/jna/jna-platform/4.1.0/jna-platform-4.1.0.jar:/Users/piyush/.m2/repository/commons-io/commons-io/2.5/commons-io-2.5.jar:/Users/piyush/.m2/repository/org/hamcrest/hamcrest-core/1.3/hamcrest-core-1.3.jar:/Users/piyush/.m2/repository/io/cucumber/cucumber-testng/6.10.0/cucumber-testng-6.10.0.jar:/Users/piyush/.m2/repository/org/apiguardian/apiguardian-api/1.1.1/apiguardian-api-1.1.1.jar:/Users/piyush/.m2/repository/io/cucumber/cucumber-core/6.10.0/cucumber-core-6.10.0.jar:/Users/piyush/.m2/repository/io/cucumber/cucumber-gherkin/6.10.0/cucumber-gherkin-6.10.0.jar:/Users/piyush/.m2/repository/io/cucumber/cucumber-gherkin-messages/6.10.0/cucumber-gherkin-messages-6.10.0.jar:/Users/piyush/.m2/repository/io/cucumber/messages/14.0.1/messages-14.0.1.jar:/Users/piyush/.m2/repository/io/cucumber/tag-expressions/3.0.0/tag-expressions-3.0.0.jar:/Users/piyush/.m2/repository/io/cucumber/cucumber-expressions/10.3.0/cucumber-expressions-10.3.0.jar:/Users/piyush/.m2/repository/io/cucumber/datatable/3.5.0/datatable-3.5.0.jar:/Users/piyush/.m2/repository/io/cucumber/cucumber-plugin/6.10.0/cucumber-plugin-6.10.0.jar:/Users/piyush/.m2/repository/io/cucumber/docstring/6.10.0/docstring-6.10.0.jar:/Users/piyush/.m2/repository/io/cucumber/html-formatter/12.0.0/html-formatter-12.0.0.jar:/Users/piyush/.m2/repository/io/cucumber/create-meta/3.0.0/create-meta-3.0.0.jar:/Users/piyush/.m2/repository/io/cucumber/cucumber-java8/6.10.0/cucumber-java8-6.10.0.jar:/Users/piyush/.m2/repository/net/jodah/typetools/0.6.2/typetools-0.6.2.jar:/Users/piyush/.m2/repository/io/cucumber/cucumber-java/6.10.0/cucumber-java-6.10.0.jar:/Users/piyush/.m2/repository/io/cucumber/cucumber-junit/6.10.0/cucumber-junit-6.10.0.jar:/Users/piyush/.m2/repository/dom4j/dom4j/1.6.1/dom4j-1.6.1.jar:/Users/piyush/.m2/repository/org/testng/testng/7.4.0/testng-7.4.0.jar:/Users/piyush/.m2/repository/com/beust/jcommander/1.78/jcommander-1.78.jar:/Users/piyush/.m2/repository/org/webjars/jquery/3.5.1/jquery-3.5.1.jar:/Users/piyush/.m2/repository/junit/junit/4.11/junit-4.11.jar:/Users/piyush/.m2/repository/org/slf4j/slf4j-api/1.7.5/slf4j-api-1.7.5.jar:/Users/piyush/.m2/repository/jaxen/jaxen/1.2.0/jaxen-1.2.0.jar:/Users/piyush/.m2/repository/org/apache/commons/commons-text/1.4/commons-text-1.4.jar:/Users/piyush/.m2/repository/org/apache/commons/commons-lang3/3.7/commons-lang3-3.7.jar:/Users/piyush/.m2/repository/org/uncommons/reportng/1.1.4/reportng-1.1.4.jar:/Users/piyush/.m2/repository/velocity/velocity/1.4/velocity-1.4.jar:/Users/piyush/.m2/repository/velocity/velocity-dep/1.4/velocity-dep-1.4.jar:/Users/piyush/.m2/repository/ch/qos/logback/logback-classic/1.1.8/logback-classic-1.1.8.jar:/Users/piyush/.m2/repository/ch/qos/logback/logback-core/1.1.8/logback-core-1.1.8.jar:/Users/piyush/.m2/repository/log4j/log4j/1.2.15/log4j-1.2.15.jar:/Users/piyush/.m2/repository/javax/mail/mail/1.4/mail-1.4.jar:/Users/piyush/.m2/repository/javax/activation/activation/1.1/activation-1.1.jar:/Users/piyush/.m2/repository/com/google/inject/guice/3.0/guice-3.0.jar:/Users/piyush/.m2/repository/javax/inject/javax.inject/1/javax.inject-1.jar:/Users/piyush/.m2/repository/aopalliance/aopalliance/1.0/aopalliance-1.0.jar:/Users/piyush/.m2/repository/com/googlecode/json-simple/json-simple/1.1.1/json-simple-1.1.1.jar:/Users/piyush/.m2/repository/io/rest-assured/json-schema-validator/3.0.2/json-schema-validator-3.0.2.jar:/Users/piyush/.m2/repository/com/github/fge/json-schema-validator/2.2.6/json-schema-validator-2.2.6.jar:/Users/piyush/.m2/repository/com/googlecode/libphonenumber/libphonenumber/6.2/libphonenumber-6.2.jar:/Users/piyush/.m2/repository/com/github/fge/json-schema-core/1.2.5/json-schema-core-1.2.5.jar:/Users/piyush/.m2/repository/com/github/fge/uri-template/0.9/uri-template-0.9.jar:/Users/piyush/.m2/repository/com/github/fge/msg-simple/1.1/msg-simple-1.1.jar:/Users/piyush/.m2/repository/com/github/fge/btf/1.2/btf-1.2.jar:/Users/piyush/.m2/repository/com/github/fge/jackson-coreutils/1.8/jackson-coreutils-1.8.jar:/Users/piyush/.m2/repository/org/mozilla/rhino/1.7R4/rhino-1.7R4.jar:/Users/piyush/.m2/repository/javax/mail/mailapi/1.4.3/mailapi-1.4.3.jar:/Users/piyush/.m2/repository/net/sf/jopt-simple/jopt-simple/4.6/jopt-simple-4.6.jar:/Users/piyush/.m2/repository/io/rest-assured/rest-assured/3.1.0/rest-assured-3.1.0.jar:/Users/piyush/.m2/repository/org/codehaus/groovy/groovy/2.4.12/groovy-2.4.12.jar:/Users/piyush/.m2/repository/org/codehaus/groovy/groovy-xml/2.4.12/groovy-xml-2.4.12.jar:/Users/piyush/.m2/repository/org/apache/httpcomponents/httpclient/4.5.3/httpclient-4.5.3.jar:/Users/piyush/.m2/repository/org/apache/httpcomponents/httpcore/4.4.6/httpcore-4.4.6.jar:/Users/piyush/.m2/repository/commons-logging/commons-logging/1.2/commons-logging-1.2.jar:/Users/piyush/.m2/repository/org/apache/httpcomponents/httpmime/4.5.1/httpmime-4.5.1.jar:/Users/piyush/.m2/repository/org/hamcrest/hamcrest-library/1.3/hamcrest-library-1.3.jar:/Users/piyush/.m2/repository/org/ccil/cowan/tagsoup/tagsoup/1.2.1/tagsoup-1.2.1.jar:/Users/piyush/.m2/repository/io/rest-assured/json-path/3.1.0/json-path-3.1.0.jar:/Users/piyush/.m2/repository/org/codehaus/groovy/groovy-json/2.4.12/groovy-json-2.4.12.jar:/Users/piyush/.m2/repository/io/rest-assured/rest-assured-common/3.1.0/rest-assured-common-3.1.0.jar:/Users/piyush/.m2/repository/io/rest-assured/xml-path/3.1.0/xml-path-3.1.0.jar:/Users/piyush/.m2/repository/javax/xml/bind/jaxb-api/2.2.12/jaxb-api-2.2.12.jar:/Users/piyush/.m2/repository/org/seleniumhq/selenium/selenium-java/3.141.59/selenium-java-3.141.59.jar:/Users/piyush/.m2/repository/org/seleniumhq/selenium/selenium-api/3.141.59/selenium-api-3.141.59.jar:/Users/piyush/.m2/repository/org/seleniumhq/selenium/selenium-chrome-driver/3.141.59/selenium-chrome-driver-3.141.59.jar:/Users/piyush/.m2/repository/org/seleniumhq/selenium/selenium-edge-driver/3.141.59/selenium-edge-driver-3.141.59.jar:/Users/piyush/.m2/repository/org/seleniumhq/selenium/selenium-firefox-driver/3.141.59/selenium-firefox-driver-3.141.59.jar:/Users/piyush/.m2/repository/org/seleniumhq/selenium/selenium-ie-driver/3.141.59/selenium-ie-driver-3.141.59.jar:/Users/piyush/.m2/repository/org/seleniumhq/selenium/selenium-opera-driver/3.141.59/selenium-opera-driver-3.141.59.jar:/Users/piyush/.m2/repository/org/seleniumhq/selenium/selenium-safari-driver/3.141.59/selenium-safari-driver-3.141.59.jar:/Users/piyush/.m2/repository/org/seleniumhq/selenium/selenium-support/3.141.59/selenium-support-3.141.59.jar:/Users/piyush/.m2/repository/net/bytebuddy/byte-buddy/1.8.15/byte-buddy-1.8.15.jar:/Users/piyush/.m2/repository/org/apache/commons/commons-exec/1.3/commons-exec-1.3.jar:/Users/piyush/.m2/repository/com/google/guava/guava/25.0-jre/guava-25.0-jre.jar:/Users/piyush/.m2/repository/org/checkerframework/checker-compat-qual/2.0.0/checker-compat-qual-2.0.0.jar:/Users/piyush/.m2/repository/com/google/errorprone/error_prone_annotations/2.1.3/error_prone_annotations-2.1.3.jar:/Users/piyush/.m2/repository/com/google/j2objc/j2objc-annotations/1.1/j2objc-annotations-1.1.jar:/Users/piyush/.m2/repository/org/codehaus/mojo/animal-sniffer-annotations/1.14/animal-sniffer-annotations-1.14.jar:/Users/piyush/.m2/repository/com/squareup/okhttp3/okhttp/3.11.0/okhttp-3.11.0.jar:/Users/piyush/.m2/repository/com/squareup/okio/okio/1.14.0/okio-1.14.0.jar:/Users/piyush/.m2/repository/org/apache/poi/poi/3.17/poi-3.17.jar:/Users/piyush/.m2/repository/commons-codec/commons-codec/1.10/commons-codec-1.10.jar:/Users/piyush/.m2/repository/org/apache/commons/commons-collections4/4.1/commons-collections4-4.1.jar:/Users/piyush/.m2/repository/org/apache/poi/poi-ooxml/3.17/poi-ooxml-3.17.jar:/Users/piyush/.m2/repository/org/apache/poi/poi-ooxml-schemas/3.17/poi-ooxml-schemas-3.17.jar:/Users/piyush/.m2/repository/com/github/virtuald/curvesapi/1.04/curvesapi-1.04.jar:/Users/piyush/.m2/repository/org/apache/xmlbeans/xmlbeans/2.6.0/xmlbeans-2.6.0.jar:/Users/piyush/.m2/repository/stax/stax-api/1.0.1/stax-api-1.0.1.jar:/Users/piyush/.m2/repository/org/jsonschema2pojo/jsonschema2pojo-core/0.4.35/jsonschema2pojo-core-0.4.35.jar:/Users/piyush/.m2/repository/com/fasterxml/jackson/core/jackson-databind/2.7.2/jackson-databind-2.7.2.jar:/Users/piyush/.m2/repository/com/fasterxml/jackson/core/jackson-annotations/2.7.0/jackson-annotations-2.7.0.jar:/Users/piyush/.m2/repository/com/fasterxml/jackson/core/jackson-core/2.7.2/jackson-core-2.7.2.jar:/Users/piyush/.m2/repository/com/google/code/javaparser/javaparser/1.0.11/javaparser-1.0.11.jar:/Users/piyush/.m2/repository/com/google/android/android/4.1.1.4/android-4.1.1.4.jar:/Users/piyush/.m2/repository/org/khronos/opengl-api/gl1.1-android-2.1_r1/opengl-api-gl1.1-android-2.1_r1.jar:/Users/piyush/.m2/repository/xerces/xmlParserAPIs/2.6.2/xmlParserAPIs-2.6.2.jar:/Users/piyush/.m2/repository/xpp3/xpp3/1.1.4c/xpp3-1.1.4c.jar:/Users/piyush/.m2/repository/com/sun/codemodel/codemodel/2.6/codemodel-2.6.jar:/Users/piyush/.m2/repository/com/google/code/findbugs/jsr305/3.0.1/jsr305-3.0.1.jar:/Users/piyush/.m2/repository/com/squareup/moshi/moshi/1.1.0/moshi-1.1.0.jar:/Users/piyush/.m2/repository/commons-lang/commons-lang/2.6/commons-lang-2.6.jar:/Users/piyush/.m2/repository/javax/validation/validation-api/1.0.0.GA/validation-api-1.0.0.GA.jar:/Users/piyush/.m2/repository/joda-time/joda-time/2.2/joda-time-2.2.jar:/Users/piyush/.m2/repository/org/codehaus/jackson/jackson-mapper-asl/1.9.13/jackson-mapper-asl-1.9.13.jar:/Users/piyush/.m2/repository/org/codehaus/jackson/jackson-core-asl/1.9.13/jackson-core-asl-1.9.13.jar:/Users/piyush/.m2/repository/com/google/code/findbugs/annotations/1.3.9/annotations-1.3.9.jar:/Users/piyush/.m2/repository/org/json/json/20180813/json-20180813.jar:/Users/piyush/.m2/repository/com/google/code/gson/gson/2.6.2/gson-2.6.2.jar:/Users/piyush/.m2/repository/io/github/bonigarcia/webdrivermanager/4.4.3/webdrivermanager-4.4.3.jar:/Users/piyush/.m2/repository/org/apache/httpcomponents/client5/httpclient5/5.0.3/httpclient5-5.0.3.jar:/Users/piyush/.m2/repository/org/apache/httpcomponents/core5/httpcore5/5.0.2/httpcore5-5.0.2.jar:/Users/piyush/.m2/repository/org/apache/httpcomponents/core5/httpcore5-h2/5.0.2/httpcore5-h2-5.0.2.jar:/Users/piyush/.m2/repository/org/rauschig/jarchivelib/1.1.0/jarchivelib-1.1.0.jar:/Users/piyush/.m2/repository/org/apache/commons/commons-compress/1.20/commons-compress-1.20.jar:/Users/piyush/.m2/repository/org/jsoup/jsoup/1.13.1/jsoup-1.13.1.jar:/Users/piyush/.m2/repository/xml-apis/xml-apis/1.4.01/xml-apis-1.4.01.jar:/Users/piyush/.m2/repository/com/aventstack/extentreports/3.1.5/extentreports-3.1.5.jar:/Users/piyush/.m2/repository/org/freemarker/freemarker/2.3.23/freemarker-2.3.23.jar:/Users/piyush/.m2/repository/org/mongodb/mongodb-driver/3.3.0/mongodb-driver-3.3.0.jar:/Users/piyush/.m2/repository/org/mongodb/bson/3.3.0/bson-3.3.0.jar:/Users/piyush/.m2/repository/org/mongodb/mongodb-driver-core/3.3.0/mongodb-driver-core-3.3.0.jar:/Users/piyush/.m2/repository/org/hamcrest/hamcrest-all/1.3/hamcrest-all-1.3.jar:/Users/piyush/.m2/repository/org/apache/maven/plugins/maven-clean-plugin/3.1.0/maven-clean-plugin-3.1.0.jar:/Users/piyush/.m2/repository/org/apache/maven/maven-plugin-api/3.0/maven-plugin-api-3.0.jar:/Users/piyush/.m2/repository/org/apache/maven/maven-model/3.0/maven-model-3.0.jar:/Users/piyush/.m2/repository/org/codehaus/plexus/plexus-utils/2.0.4/plexus-utils-2.0.4.jar:/Users/piyush/.m2/repository/org/apache/maven/maven-artifact/3.0/maven-artifact-3.0.jar:/Users/piyush/.m2/repository/org/sonatype/sisu/sisu-inject-plexus/1.4.2/sisu-inject-plexus-1.4.2.jar:/Users/piyush/.m2/repository/org/codehaus/plexus/plexus-component-annotations/1.5.4/plexus-component-annotations-1.5.4.jar:/Users/piyush/.m2/repository/org/codehaus/plexus/plexus-classworlds/2.2.3/plexus-classworlds-2.2.3.jar:/Users/piyush/.m2/repository/org/sonatype/sisu/sisu-inject-bean/1.4.2/sisu-inject-bean-1.4.2.jar:/Users/piyush/.m2/repository/org/sonatype/sisu/sisu-guice/2.1.7/sisu-guice-2.1.7-noaop.jar:/Users/piyush/.m2/repository/org/apache/maven/shared/maven-shared-utils/3.2.1/maven-shared-utils-3.2.1.jar:"/>
    <property name="java.vm.vendor" value="Oracle Corporation"/>
    <property name="sun.arch.data.model" value="64"/>
    <property name="java.vendor.url" value="http://java.oracle.com/"/>
    <property name="user.timezone" value=""/>
    <property name="java.vm.specification.version" value="1.8"/>
    <property name="os.name" value="Mac OS X"/>
    <property name="user.country" value="US"/>
    <property name="sun.java.launcher" value="SUN_STANDARD"/>
    <property name="sun.boot.library.path" value="/Library/Java/JavaVirtualMachines/jdk1.8.0_291.jdk/Contents/Home/jre/lib"/>
    <property name="sun.java.command" value="/Users/piyush/eclipse-workspace/seleniumproject/project-selenium/target/surefire/surefirebooter2968983708062189879.jar /Users/piyush/eclipse-workspace/seleniumproject/project-selenium/target/surefire 2022-02-02T09-50-57_033-jvmRun1 surefire5762899259088191335tmp surefire_05696663047430481183tmp"/>
    <property name="http.nonProxyHosts" value="local|*.local|169.254/16|*.169.254/16"/>
    <property name="surefire.test.class.path" value="/Users/piyush/eclipse-workspace/seleniumproject/project-selenium/target/test-classes:/Users/piyush/eclipse-workspace/seleniumproject/project-selenium/target/classes:/Users/piyush/.m2/repository/ru/yandex/qatools/ashot/ashot/1.5.4/ashot-1.5.4.jar:/Users/piyush/.m2/repository/org/seleniumhq/selenium/selenium-remote-driver/2.53.0/selenium-remote-driver-2.53.0.jar:/Users/piyush/.m2/repository/cglib/cglib-nodep/2.1_3/cglib-nodep-2.1_3.jar:/Users/piyush/.m2/repository/net/java/dev/jna/jna/4.1.0/jna-4.1.0.jar:/Users/piyush/.m2/repository/net/java/dev/jna/jna-platform/4.1.0/jna-platform-4.1.0.jar:/Users/piyush/.m2/repository/commons-io/commons-io/2.5/commons-io-2.5.jar:/Users/piyush/.m2/repository/org/hamcrest/hamcrest-core/1.3/hamcrest-core-1.3.jar:/Users/piyush/.m2/repository/io/cucumber/cucumber-testng/6.10.0/cucumber-testng-6.10.0.jar:/Users/piyush/.m2/repository/org/apiguardian/apiguardian-api/1.1.1/apiguardian-api-1.1.1.jar:/Users/piyush/.m2/repository/io/cucumber/cucumber-core/6.10.0/cucumber-core-6.10.0.jar:/Users/piyush/.m2/repository/io/cucumber/cucumber-gherkin/6.10.0/cucumber-gherkin-6.10.0.jar:/Users/piyush/.m2/repository/io/cucumber/cucumber-gherkin-messages/6.10.0/cucumber-gherkin-messages-6.10.0.jar:/Users/piyush/.m2/repository/io/cucumber/messages/14.0.1/messages-14.0.1.jar:/Users/piyush/.m2/repository/io/cucumber/tag-expressions/3.0.0/tag-expressions-3.0.0.jar:/Users/piyush/.m2/repository/io/cucumber/cucumber-expressions/10.3.0/cucumber-expressions-10.3.0.jar:/Users/piyush/.m2/repository/io/cucumber/datatable/3.5.0/datatable-3.5.0.jar:/Users/piyush/.m2/repository/io/cucumber/cucumber-plugin/6.10.0/cucumber-plugin-6.10.0.jar:/Users/piyush/.m2/repository/io/cucumber/docstring/6.10.0/docstring-6.10.0.jar:/Users/piyush/.m2/repository/io/cucumber/html-formatter/12.0.0/html-formatter-12.0.0.jar:/Users/piyush/.m2/repository/io/cucumber/create-meta/3.0.0/create-meta-3.0.0.jar:/Users/piyush/.m2/repository/io/cucumber/cucumber-java8/6.10.0/cucumber-java8-6.10.0.jar:/Users/piyush/.m2/repository/net/jodah/typetools/0.6.2/typetools-0.6.2.jar:/Users/piyush/.m2/repository/io/cucumber/cucumber-java/6.10.0/cucumber-java-6.10.0.jar:/Users/piyush/.m2/repository/io/cucumber/cucumber-junit/6.10.0/cucumber-junit-6.10.0.jar:/Users/piyush/.m2/repository/dom4j/dom4j/1.6.1/dom4j-1.6.1.jar:/Users/piyush/.m2/repository/org/testng/testng/7.4.0/testng-7.4.0.jar:/Users/piyush/.m2/repository/com/beust/jcommander/1.78/jcommander-1.78.jar:/Users/piyush/.m2/repository/org/webjars/jquery/3.5.1/jquery-3.5.1.jar:/Users/piyush/.m2/repository/junit/junit/4.11/junit-4.11.jar:/Users/piyush/.m2/repository/org/slf4j/slf4j-api/1.7.5/slf4j-api-1.7.5.jar:/Users/piyush/.m2/repository/jaxen/jaxen/1.2.0/jaxen-1.2.0.jar:/Users/piyush/.m2/repository/org/apache/commons/commons-text/1.4/commons-text-1.4.jar:/Users/piyush/.m2/repository/org/apache/commons/commons-lang3/3.7/commons-lang3-3.7.jar:/Users/piyush/.m2/repository/org/uncommons/reportng/1.1.4/reportng-1.1.4.jar:/Users/piyush/.m2/repository/velocity/velocity/1.4/velocity-1.4.jar:/Users/piyush/.m2/repository/velocity/velocity-dep/1.4/velocity-dep-1.4.jar:/Users/piyush/.m2/repository/ch/qos/logback/logback-classic/1.1.8/logback-classic-1.1.8.jar:/Users/piyush/.m2/repository/ch/qos/logback/logback-core/1.1.8/logback-core-1.1.8.jar:/Users/piyush/.m2/repository/log4j/log4j/1.2.15/log4j-1.2.15.jar:/Users/piyush/.m2/repository/javax/mail/mail/1.4/mail-1.4.jar:/Users/piyush/.m2/repository/javax/activation/activation/1.1/activation-1.1.jar:/Users/piyush/.m2/repository/com/google/inject/guice/3.0/guice-3.0.jar:/Users/piyush/.m2/repository/javax/inject/javax.inject/1/javax.inject-1.jar:/Users/piyush/.m2/repository/aopalliance/aopalliance/1.0/aopalliance-1.0.jar:/Users/piyush/.m2/repository/com/googlecode/json-simple/json-simple/1.1.1/json-simple-1.1.1.jar:/Users/piyush/.m2/repository/io/rest-assured/json-schema-validator/3.0.2/json-schema-validator-3.0.2.jar:/Users/piyush/.m2/repository/com/github/fge/json-schema-validator/2.2.6/json-schema-validator-2.2.6.jar:/Users/piyush/.m2/repository/com/googlecode/libphonenumber/libphonenumber/6.2/libphonenumber-6.2.jar:/Users/piyush/.m2/repository/com/github/fge/json-schema-core/1.2.5/json-schema-core-1.2.5.jar:/Users/piyush/.m2/repository/com/github/fge/uri-template/0.9/uri-template-0.9.jar:/Users/piyush/.m2/repository/com/github/fge/msg-simple/1.1/msg-simple-1.1.jar:/Users/piyush/.m2/repository/com/github/fge/btf/1.2/btf-1.2.jar:/Users/piyush/.m2/repository/com/github/fge/jackson-coreutils/1.8/jackson-coreutils-1.8.jar:/Users/piyush/.m2/repository/org/mozilla/rhino/1.7R4/rhino-1.7R4.jar:/Users/piyush/.m2/repository/javax/mail/mailapi/1.4.3/mailapi-1.4.3.jar:/Users/piyush/.m2/repository/net/sf/jopt-simple/jopt-simple/4.6/jopt-simple-4.6.jar:/Users/piyush/.m2/repository/io/rest-assured/rest-assured/3.1.0/rest-assured-3.1.0.jar:/Users/piyush/.m2/repository/org/codehaus/groovy/groovy/2.4.12/groovy-2.4.12.jar:/Users/piyush/.m2/repository/org/codehaus/groovy/groovy-xml/2.4.12/groovy-xml-2.4.12.jar:/Users/piyush/.m2/repository/org/apache/httpcomponents/httpclient/4.5.3/httpclient-4.5.3.jar:/Users/piyush/.m2/repository/org/apache/httpcomponents/httpcore/4.4.6/httpcore-4.4.6.jar:/Users/piyush/.m2/repository/commons-logging/commons-logging/1.2/commons-logging-1.2.jar:/Users/piyush/.m2/repository/org/apache/httpcomponents/httpmime/4.5.1/httpmime-4.5.1.jar:/Users/piyush/.m2/repository/org/hamcrest/hamcrest-library/1.3/hamcrest-library-1.3.jar:/Users/piyush/.m2/repository/org/ccil/cowan/tagsoup/tagsoup/1.2.1/tagsoup-1.2.1.jar:/Users/piyush/.m2/repository/io/rest-assured/json-path/3.1.0/json-path-3.1.0.jar:/Users/piyush/.m2/repository/org/codehaus/groovy/groovy-json/2.4.12/groovy-json-2.4.12.jar:/Users/piyush/.m2/repository/io/rest-assured/rest-assured-common/3.1.0/rest-assured-common-3.1.0.jar:/Users/piyush/.m2/repository/io/rest-assured/xml-path/3.1.0/xml-path-3.1.0.jar:/Users/piyush/.m2/repository/javax/xml/bind/jaxb-api/2.2.12/jaxb-api-2.2.12.jar:/Users/piyush/.m2/repository/org/seleniumhq/selenium/selenium-java/3.141.59/selenium-java-3.141.59.jar:/Users/piyush/.m2/repository/org/seleniumhq/selenium/selenium-api/3.141.59/selenium-api-3.141.59.jar:/Users/piyush/.m2/repository/org/seleniumhq/selenium/selenium-chrome-driver/3.141.59/selenium-chrome-driver-3.141.59.jar:/Users/piyush/.m2/repository/org/seleniumhq/selenium/selenium-edge-driver/3.141.59/selenium-edge-driver-3.141.59.jar:/Users/piyush/.m2/repository/org/seleniumhq/selenium/selenium-firefox-driver/3.141.59/selenium-firefox-driver-3.141.59.jar:/Users/piyush/.m2/repository/org/seleniumhq/selenium/selenium-ie-driver/3.141.59/selenium-ie-driver-3.141.59.jar:/Users/piyush/.m2/repository/org/seleniumhq/selenium/selenium-opera-driver/3.141.59/selenium-opera-driver-3.141.59.jar:/Users/piyush/.m2/repository/org/seleniumhq/selenium/selenium-safari-driver/3.141.59/selenium-safari-driver-3.141.59.jar:/Users/piyush/.m2/repository/org/seleniumhq/selenium/selenium-support/3.141.59/selenium-support-3.141.59.jar:/Users/piyush/.m2/repository/net/bytebuddy/byte-buddy/1.8.15/byte-buddy-1.8.15.jar:/Users/piyush/.m2/repository/org/apache/commons/commons-exec/1.3/commons-exec-1.3.jar:/Users/piyush/.m2/repository/com/google/guava/guava/25.0-jre/guava-25.0-jre.jar:/Users/piyush/.m2/repository/org/checkerframework/checker-compat-qual/2.0.0/checker-compat-qual-2.0.0.jar:/Users/piyush/.m2/repository/com/google/errorprone/error_prone_annotations/2.1.3/error_prone_annotations-2.1.3.jar:/Users/piyush/.m2/repository/com/google/j2objc/j2objc-annotations/1.1/j2objc-annotations-1.1.jar:/Users/piyush/.m2/repository/org/codehaus/mojo/animal-sniffer-annotations/1.14/animal-sniffer-annotations-1.14.jar:/Users/piyush/.m2/repository/com/squareup/okhttp3/okhttp/3.11.0/okhttp-3.11.0.jar:/Users/piyush/.m2/repository/com/squareup/okio/okio/1.14.0/okio-1.14.0.jar:/Users/piyush/.m2/repository/org/apache/poi/poi/3.17/poi-3.17.jar:/Users/piyush/.m2/repository/commons-codec/commons-codec/1.10/commons-codec-1.10.jar:/Users/piyush/.m2/repository/org/apache/commons/commons-collections4/4.1/commons-collections4-4.1.jar:/Users/piyush/.m2/repository/org/apache/poi/poi-ooxml/3.17/poi-ooxml-3.17.jar:/Users/piyush/.m2/repository/org/apache/poi/poi-ooxml-schemas/3.17/poi-ooxml-schemas-3.17.jar:/Users/piyush/.m2/repository/com/github/virtuald/curvesapi/1.04/curvesapi-1.04.jar:/Users/piyush/.m2/repository/org/apache/xmlbeans/xmlbeans/2.6.0/xmlbeans-2.6.0.jar:/Users/piyush/.m2/repository/stax/stax-api/1.0.1/stax-api-1.0.1.jar:/Users/piyush/.m2/repository/org/jsonschema2pojo/jsonschema2pojo-core/0.4.35/jsonschema2pojo-core-0.4.35.jar:/Users/piyush/.m2/repository/com/fasterxml/jackson/core/jackson-databind/2.7.2/jackson-databind-2.7.2.jar:/Users/piyush/.m2/repository/com/fasterxml/jackson/core/jackson-annotations/2.7.0/jackson-annotations-2.7.0.jar:/Users/piyush/.m2/repository/com/fasterxml/jackson/core/jackson-core/2.7.2/jackson-core-2.7.2.jar:/Users/piyush/.m2/repository/com/google/code/javaparser/javaparser/1.0.11/javaparser-1.0.11.jar:/Users/piyush/.m2/repository/com/google/android/android/4.1.1.4/android-4.1.1.4.jar:/Users/piyush/.m2/repository/org/khronos/opengl-api/gl1.1-android-2.1_r1/opengl-api-gl1.1-android-2.1_r1.jar:/Users/piyush/.m2/repository/xerces/xmlParserAPIs/2.6.2/xmlParserAPIs-2.6.2.jar:/Users/piyush/.m2/repository/xpp3/xpp3/1.1.4c/xpp3-1.1.4c.jar:/Users/piyush/.m2/repository/com/sun/codemodel/codemodel/2.6/codemodel-2.6.jar:/Users/piyush/.m2/repository/com/google/code/findbugs/jsr305/3.0.1/jsr305-3.0.1.jar:/Users/piyush/.m2/repository/com/squareup/moshi/moshi/1.1.0/moshi-1.1.0.jar:/Users/piyush/.m2/repository/commons-lang/commons-lang/2.6/commons-lang-2.6.jar:/Users/piyush/.m2/repository/javax/validation/validation-api/1.0.0.GA/validation-api-1.0.0.GA.jar:/Users/piyush/.m2/repository/joda-time/joda-time/2.2/joda-time-2.2.jar:/Users/piyush/.m2/repository/org/codehaus/jackson/jackson-mapper-asl/1.9.13/jackson-mapper-asl-1.9.13.jar:/Users/piyush/.m2/repository/org/codehaus/jackson/jackson-core-asl/1.9.13/jackson-core-asl-1.9.13.jar:/Users/piyush/.m2/repository/com/google/code/findbugs/annotations/1.3.9/annotations-1.3.9.jar:/Users/piyush/.m2/repository/org/json/json/20180813/json-20180813.jar:/Users/piyush/.m2/repository/com/google/code/gson/gson/2.6.2/gson-2.6.2.jar:/Users/piyush/.m2/repository/io/github/bonigarcia/webdrivermanager/4.4.3/webdrivermanager-4.4.3.jar:/Users/piyush/.m2/repository/org/apache/httpcomponents/client5/httpclient5/5.0.3/httpclient5-5.0.3.jar:/Users/piyush/.m2/repository/org/apache/httpcomponents/core5/httpcore5/5.0.2/httpcore5-5.0.2.jar:/Users/piyush/.m2/repository/org/apache/httpcomponents/core5/httpcore5-h2/5.0.2/httpcore5-h2-5.0.2.jar:/Users/piyush/.m2/repository/org/rauschig/jarchivelib/1.1.0/jarchivelib-1.1.0.jar:/Users/piyush/.m2/repository/org/apache/commons/commons-compress/1.20/commons-compress-1.20.jar:/Users/piyush/.m2/repository/org/jsoup/jsoup/1.13.1/jsoup-1.13.1.jar:/Users/piyush/.m2/repository/xml-apis/xml-apis/1.4.01/xml-apis-1.4.01.jar:/Users/piyush/.m2/repository/com/aventstack/extentreports/3.1.5/extentreports-3.1.5.jar:/Users/piyush/.m2/repository/org/freemarker/freemarker/2.3.23/freemarker-2.3.23.jar:/Users/piyush/.m2/repository/org/mongodb/mongodb-driver/3.3.0/mongodb-driver-3.3.0.jar:/Users/piyush/.m2/repository/org/mongodb/bson/3.3.0/bson-3.3.0.jar:/Users/piyush/.m2/repository/org/mongodb/mongodb-driver-core/3.3.0/mongodb-driver-core-3.3.0.jar:/Users/piyush/.m2/repository/org/hamcrest/hamcrest-all/1.3/hamcrest-all-1.3.jar:/Users/piyush/.m2/repository/org/apache/maven/plugins/maven-clean-plugin/3.1.0/maven-clean-plugin-3.1.0.jar:/Users/piyush/.m2/repository/org/apache/maven/maven-plugin-api/3.0/maven-plugin-api-3.0.jar:/Users/piyush/.m2/repository/org/apache/maven/maven-model/3.0/maven-model-3.0.jar:/Users/piyush/.m2/repository/org/codehaus/plexus/plexus-utils/2.0.4/plexus-utils-2.0.4.jar:/Users/piyush/.m2/repository/org/apache/maven/maven-artifact/3.0/maven-artifact-3.0.jar:/Users/piyush/.m2/repository/org/sonatype/sisu/sisu-inject-plexus/1.4.2/sisu-inject-plexus-1.4.2.jar:/Users/piyush/.m2/repository/org/codehaus/plexus/plexus-component-annotations/1.5.4/plexus-component-annotations-1.5.4.jar:/Users/piyush/.m2/repository/org/codehaus/plexus/plexus-classworlds/2.2.3/plexus-classworlds-2.2.3.jar:/Users/piyush/.m2/repository/org/sonatype/sisu/sisu-inject-bean/1.4.2/sisu-inject-bean-1.4.2.jar:/Users/piyush/.m2/repository/org/sonatype/sisu/sisu-guice/2.1.7/sisu-guice-2.1.7-noaop.jar:/Users/piyush/.m2/repository/org/apache/maven/shared/maven-shared-utils/3.2.1/maven-shared-utils-3.2.1.jar:"/>
    <property name="sun.cpu.endian" value="little"/>
    <property name="user.home" value="/Users/piyush"/>
    <property name="user.language" value="en"/>
    <property name="java.specification.vendor" value="Oracle Corporation"/>
    <property name="java.home" value="/Library/Java/JavaVirtualMachines/jdk1.8.0_291.jdk/Contents/Home/jre"/>
    <property name="basedir" value="/Users/piyush/eclipse-workspace/seleniumproject/project-selenium"/>
    <property name="file.separator" value="/"/>
    <property name="line.separator" value="&#10;"/>
    <property name="java.vm.specification.vendor" value="Oracle Corporation"/>
    <property name="java.specification.name" value="Java Platform API Specification"/>
    <property name="java.awt.graphicsenv" value="sun.awt.CGraphicsEnvironment"/>
    <property name="surefire.real.class.path" value="/Users/piyush/eclipse-workspace/seleniumproject/project-selenium/target/surefire/surefirebooter2968983708062189879.jar"/>
    <property name="sun.boot.class.path" value="/Library/Java/JavaVirtualMachines/jdk1.8.0_291.jdk/Contents/Home/jre/lib/resources.jar:/Library/Java/JavaVirtualMachines/jdk1.8.0_291.jdk/Contents/Home/jre/lib/rt.jar:/Library/Java/JavaVirtualMachines/jdk1.8.0_291.jdk/Contents/Home/jre/lib/sunrsasign.jar:/Library/Java/JavaVirtualMachines/jdk1.8.0_291.jdk/Contents/Home/jre/lib/jsse.jar:/Library/Java/JavaVirtualMachines/jdk1.8.0_291.jdk/Contents/Home/jre/lib/jce.jar:/Library/Java/JavaVirtualMachines/jdk1.8.0_291.jdk/Contents/Home/jre/lib/charsets.jar:/Library/Java/JavaVirtualMachines/jdk1.8.0_291.jdk/Contents/Home/jre/lib/jfr.jar:/Library/Java/JavaVirtualMachines/jdk1.8.0_291.jdk/Contents/Home/jre/classes"/>
    <property name="sun.management.compiler" value="HotSpot 64-Bit Tiered Compilers"/>
    <property name="ftp.nonProxyHosts" value="local|*.local|169.254/16|*.169.254/16"/>
    <property name="java.runtime.version" value="1.8.0_291-b10"/>
    <property name="user.name" value="piyush"/>
    <property name="path.separator" value=":"/>
    <property name="os.version" value="10.15.7"/>
    <property name="java.endorsed.dirs" value="/Library/Java/JavaVirtualMachines/jdk1.8.0_291.jdk/Contents/Home/jre/lib/endorsed"/>
    <property name="java.runtime.name" value="Java(TM) SE Runtime Environment"/>
    <property name="file.encoding" value="UTF-8"/>
    <property name="browser" value="Chrome"/>
    <property name="java.vm.name" value="Java HotSpot(TM) 64-Bit Server VM"/>
    <property name="localRepository" value="/Users/piyush/.m2/repository"/>
    <property name="java.vendor.url.bug" value="http://bugreport.sun.com/bugreport/"/>
    <property name="java.io.tmpdir" value="/var/folders/1q/mk4n9dr52vq6xc1wp5_ct7v40000gn/T/"/>
    <property name="java.version" value="1.8.0_291"/>
    <property name="user.dir" value="/Users/piyush/eclipse-workspace/seleniumproject/project-selenium"/>
    <property name="os.arch" value="x86_64"/>
    <property name="java.vm.specification.name" value="Java Virtual Machine Specification"/>
    <property name="java.awt.printerjob" value="sun.lwawt.macosx.CPrinterJob"/>
    <property name="url" value="https://www.google.com/"/>
    <property name="sun.os.patch.level" value="unknown"/>
    <property name="java.library.path" value="/Users/piyush/Library/Java/Extensions:/Library/Java/Extensions:/Network/Library/Java/Extensions:/System/Library/Java/Extensions:/usr/lib/java:."/>
    <property name="java.vm.info" value="mixed mode"/>
    <property name="java.vendor" value="Oracle Corporation"/>
    <property name="java.vm.version" value="25.291-b10"/>
    <property name="java.ext.dirs" value="/Users/piyush/Library/Java/Extensions:/Library/Java/JavaVirtualMachines/jdk1.8.0_291.jdk/Contents/Home/jre/lib/ext:/Library/Java/Extensions:/Network/Library/Java/Extensions:/System/Library/Java/Extensions:/usr/lib/java"/>
    <property name="sun.io.unicode.encoding" value="UnicodeBig"/>
    <property name="java.class.version" value="52.0"/>
    <property name="socksNonProxyHosts" value="local|*.local|169.254/16|*.169.254/16"/>
  </properties>
  <testcase name="testAPI" classname="deepti.selenium.project_selenium.AppTest" time="1.408"/>
  <testcase name="failTest" classname="com.selenium.ExtentReportTest.ExtentReportTest" time="0.008">
    <failure message="expected [true] but found [false]" type="java.lang.AssertionError">java.lang.AssertionError: expected [true] but found [false]
	at com.selenium.ExtentReportTest.ExtentReportTest.failTest(ExtentReportTest.java:46)
</failure>
  </testcase>
  <testcase name="passTest" classname="com.selenium.ExtentReportTest.ExtentReportTest" time="0"/>
  <testcase name="skipTest" classname="com.selenium.ExtentReportTest.ExtentReportTest" time="0">
    <skipped message="Skipping - This is not ready for testing "/>
  </testcase>
</testsuite>