<?xml version="1.0" encoding="UTF-8"?>
<!-- Generated by org.testng.reporters.JUnitReportReporter -->
<testsuite skipped="0" hostname="Piyushs-MBP.attlocal.net" name="deepti.selenium.project_selenium.AppTest" tests="1" failures="0" timestamp="2022-02-02T09:50:59 CST" time="1.406" errors="0">
  <testcase name="testAPI" time="1.406" classname="deepti.selenium.project_selenium.AppTest"/>
  <system-out/>
</testsuite> <!-- deepti.selenium.project_selenium.AppTest -->
